Using pre-set license
Built from '2020.3/staging' branch; Version is '2020.3.25f1 (9b9180224418) revision 10195328'; Using compiler version '192528614'; Build Type 'Release'
OS: 'Windows 10  (10.0.18363) 64bit Professional' Language: 'zh' Physical Memory: 16319 MB
BatchMode: 1, IsHumanControllingUs: 0, StartBugReporterOnCrash: 0, Is64bit: 1, IsPro: 0

COMMAND LINE ARGUMENTS:
C:\Program Files\Unity\Hub\Editor\2020.3.25f1\Editor\Unity.exe
-adb2
-batchMode
-noUpm
-name
AssetImportWorker0
-projectPath
C:/Users/Appedu/Documents/Appedu/Appedu/Appedu_JRPG
-logFile
Logs/AssetImportWorker0.log
-srvPort
52301
Successfully changed project path to: C:/Users/Appedu/Documents/Appedu/Appedu/Appedu_JRPG
C:/Users/Appedu/Documents/Appedu/Appedu/Appedu_JRPG
Using Asset Import Pipeline V2.
Refreshing native plugins compatible for Editor in 35.26 ms, found 2 plugins.
Preloading 0 native plugins for Editor in 0.00 ms.
Initialize engine version: 2020.3.25f1 (9b9180224418)
[Subsystems] Discovering subsystems at path C:/Program Files/Unity/Hub/Editor/2020.3.25f1/Editor/Data/Resources/UnitySubsystems
[Subsystems] Discovering subsystems at path C:/Users/Appedu/Documents/Appedu/Appedu/Appedu_JRPG/Assets
GfxDevice: creating device client; threaded=0
Direct3D:
    Version:  Direct3D 11.0 [level 11.1]
    Renderer: NVIDIA Quadro P620 (ID=0x1cb6)
    Vendor:   
    VRAM:     1977 MB
    Driver:   30.0.14.7247
Initialize mono
Mono path[0] = 'C:/Program Files/Unity/Hub/Editor/2020.3.25f1/Editor/Data/Managed'
Mono path[1] = 'C:/Program Files/Unity/Hub/Editor/2020.3.25f1/Editor/Data/MonoBleedingEdge/lib/mono/unityjit'
Mono config path = 'C:/Program Files/Unity/Hub/Editor/2020.3.25f1/Editor/Data/MonoBleedingEdge/etc'
Using monoOptions --debugger-agent=transport=dt_socket,embedding=1,server=y,suspend=n,address=127.0.0.1:56840
Begin MonoManager ReloadAssembly
Registering precompiled unity dll's ...
Register platform support module: C:/Program Files/Unity/Hub/Editor/2020.3.25f1/Editor/Data/PlaybackEngines/WebGLSupport/UnityEditor.WebGL.Extensions.dll
Register platform support module: C:/Program Files/Unity/Hub/Editor/2020.3.25f1/Editor/Data/PlaybackEngines/WindowsStandaloneSupport/UnityEditor.WindowsStandalone.Extensions.dll
Registered in 0.002249 seconds.
Native extension for WindowsStandalone target not found
Native extension for WebGL target not found
Refreshing native plugins compatible for Editor in 36.69 ms, found 2 plugins.
Preloading 0 native plugins for Editor in 0.00 ms.
Mono: successfully reloaded assembly
- Completed reload, in  0.615 seconds
Domain Reload Profiling:
	ReloadAssembly (615ms)
		BeginReloadAssembly (53ms)
			ExecutionOrderSort (0ms)
			DisableScriptedObjects (0ms)
			BackupInstance (0ms)
			ReleaseScriptingObjects (0ms)
			CreateAndSetChildDomain (1ms)
		EndReloadAssembly (487ms)
			LoadAssemblies (51ms)
			RebuildTransferFunctionScriptingTraits (0ms)
			SetupTypeCache (164ms)
			ReleaseScriptCaches (0ms)
			RebuildScriptCaches (30ms)
			SetupLoadedEditorAssemblies (184ms)
				LogAssemblyErrors (0ms)
				InitializePlatformSupportModulesInManaged (6ms)
				SetLoadedEditorAssemblies (0ms)
				RefreshPlugins (37ms)
				BeforeProcessingInitializeOnLoad (18ms)
				ProcessInitializeOnLoadAttributes (95ms)
				ProcessInitializeOnLoadMethodAttributes (27ms)
				AfterProcessingInitializeOnLoad (0ms)
				EditorAssembliesLoaded (0ms)
			ExecutionOrderSort2 (0ms)
			AwakeInstancesAfterBackupRestoration (0ms)
Platform modules already initialized, skipping
Registering precompiled user dll's ...
Registered in 0.005128 seconds.
Begin MonoManager ReloadAssembly
Native extension for WindowsStandalone target not found
Native extension for WebGL target not found
Refreshing native plugins compatible for Editor in 0.34 ms, found 2 plugins.
Preloading 0 native plugins for Editor in 0.00 ms.
Mono: successfully reloaded assembly
- Completed reload, in  1.033 seconds
Domain Reload Profiling:
	ReloadAssembly (1034ms)
		BeginReloadAssembly (143ms)
			ExecutionOrderSort (0ms)
			DisableScriptedObjects (5ms)
			BackupInstance (0ms)
			ReleaseScriptingObjects (0ms)
			CreateAndSetChildDomain (19ms)
		EndReloadAssembly (827ms)
			LoadAssemblies (87ms)
			RebuildTransferFunctionScriptingTraits (0ms)
			SetupTypeCache (295ms)
			ReleaseScriptCaches (0ms)
			RebuildScriptCaches (52ms)
			SetupLoadedEditorAssemblies (294ms)
				LogAssemblyErrors (0ms)
				InitializePlatformSupportModulesInManaged (5ms)
				SetLoadedEditorAssemblies (1ms)
				RefreshPlugins (0ms)
				BeforeProcessingInitializeOnLoad (78ms)
				ProcessInitializeOnLoadAttributes (195ms)
				ProcessInitializeOnLoadMethodAttributes (9ms)
				AfterProcessingInitializeOnLoad (6ms)
				EditorAssembliesLoaded (0ms)
			ExecutionOrderSort2 (0ms)
			AwakeInstancesAfterBackupRestoration (7ms)
Platform modules already initialized, skipping
========================================================================
Worker process is ready to serve import requests
Launched and connected shader compiler UnityShaderCompiler.exe after 0.05 seconds
Refreshing native plugins compatible for Editor in 0.65 ms, found 2 plugins.
Preloading 0 native plugins for Editor in 0.00 ms.
Unloading 1501 Unused Serialized files (Serialized files now loaded: 0)
System memory in use before: 68.8 MB.
System memory in use after: 68.9 MB.

Unloading 19 unused Assets to reduce memory usage. Loaded Objects now: 1933.
Total: 5.093900 ms (FindLiveObjects: 0.212700 ms CreateObjectMapping: 0.083800 ms MarkObjects: 4.694300 ms  DeleteObjects: 0.101700 ms)

AssetImportParameters requested are different than current active one (requested -> active):
  custom:framework-win-MediaFoundation: 216162199b28c13a410421893ffa2e32 -> 
  custom:video-decoder-ogg-theora: a1e56fd34408186e4bbccfd4996cb3dc -> 
  custom:container-muxer-webm: aa71ff27fc2769a1b78a27578f13a17b -> 
  custom:container-demuxer-webm: 4f35f7cbe854078d1ac9338744f61a02 -> 
  custom:container-demuxer-ogg: 62fdf1f143b41e24485cea50d1cbac27 -> 
  custom:video-encoder-webm-vp8: eb34c28f22e8b96e1ab97ce403110664 -> 
  custom:video-decoder-webm-vp8: 9c59270c3fd7afecdb556c50c9e8de78 -> 
  custom:audio-decoder-ogg-vorbis: bf7c407c2cedff20999df2af8eb42d56 -> 
  custom:audio-encoder-webm-vorbis: bf7c407c2cedff20999df2af8eb42d56 -> 
========================================================================
Received Import Request.
  path: Assets/ATART/Character/Wizard/Models/Mesh_Wizard_Weapon.FBX
  artifactKey: Guid(27606dd132ee4b44dac0193e54383bc9) Importer(815301076,1909f56bfc062723c751e8b465ee728b)
Start importing Assets/ATART/Character/Wizard/Models/Mesh_Wizard_Weapon.FBX using Guid(27606dd132ee4b44dac0193e54383bc9) Importer(815301076,1909f56bfc062723c751e8b465ee728b)  -> (artifact id: 'c37ba6711631cfaed442e40251df46d0') in 0.407090 seconds 
  Import took 0.410283 seconds .

========================================================================
Received Import Request.
  Time since last request: 0.000383 seconds.
  path: Assets/ATART/Character/Wizard/Models/Wizard.FBX
  artifactKey: Guid(f43bfeff8479d304688a2a16c6c570ce) Importer(815301076,1909f56bfc062723c751e8b465ee728b)
Start importing Assets/ATART/Character/Wizard/Models/Wizard.FBX using Guid(f43bfeff8479d304688a2a16c6c570ce) Importer(815301076,1909f56bfc062723c751e8b465ee728b)  -> (artifact id: 'ec0b81484a630c74ffff9542eedb0815') in 0.094922 seconds 
  Import took 0.098051 seconds .

========================================================================
Received Import Request.
  Time since last request: 0.000216 seconds.
  path: Assets/ATART/Character/Wizard/Models/Mesh_Wizard.FBX
  artifactKey: Guid(12ed7d1c25e83ae4aa9351cd295dc1dc) Importer(815301076,1909f56bfc062723c751e8b465ee728b)
Start importing Assets/ATART/Character/Wizard/Models/Mesh_Wizard.FBX using Guid(12ed7d1c25e83ae4aa9351cd295dc1dc) Importer(815301076,1909f56bfc062723c751e8b465ee728b)  -> (artifact id: 'c6fc19618dae5d8fb2b438ad3b017ad9') in 0.035156 seconds 
  Import took 0.037408 seconds .

========================================================================
Received Import Request.
  Time since last request: 1.315712 seconds.
  path: Assets/ATART/Character/Archer/Models
  artifactKey: Guid(fc82782b942cf4f4798fd81411fb4959) Importer(815301076,1909f56bfc062723c751e8b465ee728b)
Start importing Assets/ATART/Character/Archer/Models using Guid(fc82782b942cf4f4798fd81411fb4959) Importer(815301076,1909f56bfc062723c751e8b465ee728b)  -> (artifact id: 'f40b8756d43e22d0e7c7b2b506dddf89') in 0.003240 seconds 
  Import took 0.006288 seconds .

========================================================================
Received Import Request.
  Time since last request: 1.384953 seconds.
  path: Assets/ATART/Character/Archer/Prefabs/Archer_Lit.prefab
  artifactKey: Guid(4715f92631d124b4fab62a62e2ca9831) Importer(815301076,1909f56bfc062723c751e8b465ee728b)
Start importing Assets/ATART/Character/Archer/Prefabs/Archer_Lit.prefab using Guid(4715f92631d124b4fab62a62e2ca9831) Importer(815301076,1909f56bfc062723c751e8b465ee728b)  -> (artifact id: '1c57f871f86a5b4a6c3b79a9ab156712') in 0.134392 seconds 
  Import took 0.139234 seconds .

========================================================================
Received Import Request.
  Time since last request: 0.423829 seconds.
  path: Assets/ATART/Character/Archer/Prefabs/Archer.prefab
  artifactKey: Guid(36d4c4b1ca6a466448feb6f234379adb) Importer(815301076,1909f56bfc062723c751e8b465ee728b)
Start importing Assets/ATART/Character/Archer/Prefabs/Archer.prefab using Guid(36d4c4b1ca6a466448feb6f234379adb) Importer(815301076,1909f56bfc062723c751e8b465ee728b)  -> (artifact id: '66a91ad6fbe2c9831efdf29b2c28c560') in 0.020460 seconds 
  Import took 0.024823 seconds .

========================================================================
Received Import Request.
  Time since last request: 13.043853 seconds.
  path: Assets/ATART/Character/Archer/Models/Archer_NoWeapon.FBX
  artifactKey: Guid(0c4d0fb732ecc584ab9474adf2dfe2d1) Importer(815301076,1909f56bfc062723c751e8b465ee728b)
Start importing Assets/ATART/Character/Archer/Models/Archer_NoWeapon.FBX using Guid(0c4d0fb732ecc584ab9474adf2dfe2d1) Importer(815301076,1909f56bfc062723c751e8b465ee728b)  -> (artifact id: '7a7ce58eb275556e0b16fb01291aab14') in 0.041859 seconds 
  Import took 0.044677 seconds .

========================================================================
Received Import Request.
  Time since last request: 0.385813 seconds.
  path: Assets/ATART/Character/Archer/Models/Archer_WeaponBow.FBX
  artifactKey: Guid(085bae492155e1446ac90d2b2c1b248c) Importer(815301076,1909f56bfc062723c751e8b465ee728b)
Start importing Assets/ATART/Character/Archer/Models/Archer_WeaponBow.FBX using Guid(085bae492155e1446ac90d2b2c1b248c) Importer(815301076,1909f56bfc062723c751e8b465ee728b)  -> (artifact id: '979c8fb1d2c9d77e90b4ed6f0470ac7a') in 0.021861 seconds 
  Import took 0.024742 seconds .

========================================================================
Received Import Request.
  Time since last request: 0.427643 seconds.
  path: Assets/ATART/Character/Archer/Models/Mesh_Archer.FBX
  artifactKey: Guid(fe62330e5c86d274cbf40a3c3f4dd897) Importer(815301076,1909f56bfc062723c751e8b465ee728b)
Start importing Assets/ATART/Character/Archer/Models/Mesh_Archer.FBX using Guid(fe62330e5c86d274cbf40a3c3f4dd897) Importer(815301076,1909f56bfc062723c751e8b465ee728b)  -> (artifact id: 'd0530a6fc7963903d94a811b61a8b177') in 0.035938 seconds 
  Import took 0.038428 seconds .

========================================================================
Received Import Request.
  Time since last request: 0.367274 seconds.
  path: Assets/ATART/Character/Archer/Models/Mesh_Archer_WeaponArrow.FBX
  artifactKey: Guid(79b81d48f9663b84fb8f0bf9edcaf01b) Importer(815301076,1909f56bfc062723c751e8b465ee728b)
Start importing Assets/ATART/Character/Archer/Models/Mesh_Archer_WeaponArrow.FBX using Guid(79b81d48f9663b84fb8f0bf9edcaf01b) Importer(815301076,1909f56bfc062723c751e8b465ee728b)  -> (artifact id: '8776cff2fc67873e087166fe93635d0b') in 0.017250 seconds 
  Import took 0.020005 seconds .

========================================================================
Received Import Request.
  Time since last request: 0.322199 seconds.
  path: Assets/ATART/Character/Archer/Models/Mesh_Archer_WeaponBow.FBX
  artifactKey: Guid(669dab76fa2360644874da8f3f36a5d9) Importer(815301076,1909f56bfc062723c751e8b465ee728b)
Start importing Assets/ATART/Character/Archer/Models/Mesh_Archer_WeaponBow.FBX using Guid(669dab76fa2360644874da8f3f36a5d9) Importer(815301076,1909f56bfc062723c751e8b465ee728b)  -> (artifact id: '2ec7a87ec3d9051818c844e067de8f99') in 0.016213 seconds 
  Import took 0.019588 seconds .

========================================================================
Received Import Request.
  Time since last request: 3.912400 seconds.
  path: Assets/ATART/Character/Archer/Models/Archer.FBX
  artifactKey: Guid(7908f1a2bde075d478e43a6e8b8277be) Importer(815301076,1909f56bfc062723c751e8b465ee728b)
Start importing Assets/ATART/Character/Archer/Models/Archer.FBX using Guid(7908f1a2bde075d478e43a6e8b8277be) Importer(815301076,1909f56bfc062723c751e8b465ee728b)  -> (artifact id: '629287a0fd067f12d516473e1aec51b5') in 0.073666 seconds 
  Import took 0.076766 seconds .

========================================================================
Received Import Request.
  Time since last request: 2.993532 seconds.
  path: Assets/ATART/Character/Archer/Textures/Archer_Body.tga
  artifactKey: Guid(b897ce4e072790345add0dabb3ca22ea) Importer(815301076,1909f56bfc062723c751e8b465ee728b)
Start importing Assets/ATART/Character/Archer/Textures/Archer_Body.tga using Guid(b897ce4e072790345add0dabb3ca22ea) Importer(815301076,1909f56bfc062723c751e8b465ee728b)  -> (artifact id: '3e390df45f6f16269eae010a60448332') in 0.029563 seconds 
  Import took 0.032290 seconds .

========================================================================
Received Import Request.
  Time since last request: 0.549611 seconds.
  path: Assets/ATART/Character/Archer/Textures/Archer_Face.tga
  artifactKey: Guid(12afd44cf27a999438a69cf15ea53829) Importer(815301076,1909f56bfc062723c751e8b465ee728b)
Start importing Assets/ATART/Character/Archer/Textures/Archer_Face.tga using Guid(12afd44cf27a999438a69cf15ea53829) Importer(815301076,1909f56bfc062723c751e8b465ee728b)  -> (artifact id: '8fed3a5485677e27510de316dc26c883') in 0.011691 seconds 
  Import took 0.015220 seconds .

========================================================================
Received Import Request.
  Time since last request: 1.720087 seconds.
  path: Assets/ATART/Character/Archer/Materials
  artifactKey: Guid(d80161823cd0f4d4b8615ccb50826336) Importer(815301076,1909f56bfc062723c751e8b465ee728b)
Start importing Assets/ATART/Character/Archer/Materials using Guid(d80161823cd0f4d4b8615ccb50826336) Importer(815301076,1909f56bfc062723c751e8b465ee728b)  -> (artifact id: 'ae063b100e8c2720d4a8c817095b852f') in 0.002855 seconds 
  Import took 0.006055 seconds .

========================================================================
Received Import Request.
  Time since last request: 2.209016 seconds.
  path: Assets/ATART/Character/Archer
  artifactKey: Guid(a7607d201d7e8a54b93bef0ab17f3d6f) Importer(815301076,1909f56bfc062723c751e8b465ee728b)
Start importing Assets/ATART/Character/Archer using Guid(a7607d201d7e8a54b93bef0ab17f3d6f) Importer(815301076,1909f56bfc062723c751e8b465ee728b)  -> (artifact id: 'c4eb1b86a6db8f307b89948bb5e088c9') in 0.002263 seconds 
  Import took 0.005098 seconds .

========================================================================
Received Import Request.
  Time since last request: 0.419115 seconds.
  path: Assets/ATART/Character
  artifactKey: Guid(c240d83390a91f3419886b9da0cbd831) Importer(815301076,1909f56bfc062723c751e8b465ee728b)
Start importing Assets/ATART/Character using Guid(c240d83390a91f3419886b9da0cbd831) Importer(815301076,1909f56bfc062723c751e8b465ee728b)  -> (artifact id: '23c66f0d5ed58536a8a664df8cca732e') in 0.002958 seconds 
  Import took 0.005802 seconds .

========================================================================
Received Import Request.
  Time since last request: 2.740729 seconds.
  path: Assets/ATART/Shader/UnlitShadow.shader
  artifactKey: Guid(eadb82cd09299bf40b4decb38a46aefe) Importer(815301076,1909f56bfc062723c751e8b465ee728b)
Start importing Assets/ATART/Shader/UnlitShadow.shader using Guid(eadb82cd09299bf40b4decb38a46aefe) Importer(815301076,1909f56bfc062723c751e8b465ee728b)  -> (artifact id: '7c5278a8282993ed267984c2d0c0f57d') in 0.004772 seconds 
  Import took 0.007209 seconds .

========================================================================
Received Import Request.
  Time since last request: 102.455361 seconds.
  path: Assets/AssetStore
  artifactKey: Guid(3cf40657ebcda28409cba19a5d501c34) Importer(815301076,1909f56bfc062723c751e8b465ee728b)
Start importing Assets/AssetStore using Guid(3cf40657ebcda28409cba19a5d501c34) Importer(815301076,1909f56bfc062723c751e8b465ee728b)  -> (artifact id: '5a0044360d8f0a2c042f0c82c7dc0a06') in 0.003074 seconds 
  Import took 0.006393 seconds .

========================================================================
Received Import Request.
  Time since last request: 116.286791 seconds.
  path: Assets/AssetStore/Player
  artifactKey: Guid(a075b88327e1f22479ae64bd106c9e5e) Importer(815301076,1909f56bfc062723c751e8b465ee728b)
Start importing Assets/AssetStore/Player using Guid(a075b88327e1f22479ae64bd106c9e5e) Importer(815301076,1909f56bfc062723c751e8b465ee728b)  -> (artifact id: '4d7619d50302d6633e31c47f67657c25') in 0.003406 seconds 
  Import took 0.006140 seconds .

========================================================================
Received Import Request.
  Time since last request: 1795.601588 seconds.
  path: Assets/AssetStore/Empty
  artifactKey: Guid(bb1b8e2b7490b244da7686adf84be09c) Importer(815301076,1909f56bfc062723c751e8b465ee728b)
Start importing Assets/AssetStore/Empty using Guid(bb1b8e2b7490b244da7686adf84be09c) Importer(815301076,1909f56bfc062723c751e8b465ee728b)  -> (artifact id: 'c15950cde410b94d3bc540bd7d6d1957') in 0.003486 seconds 
  Import took 0.006921 seconds .

========================================================================
Received Prepare
Registering precompiled user dll's ...
Registered in 0.007356 seconds.
Begin MonoManager ReloadAssembly
Native extension for WindowsStandalone target not found
Native extension for WebGL target not found
Refreshing native plugins compatible for Editor in 0.46 ms, found 2 plugins.
Preloading 0 native plugins for Editor in 0.00 ms.
Mono: successfully reloaded assembly
- Completed reload, in  1.053 seconds
Domain Reload Profiling:
	ReloadAssembly (1053ms)
		BeginReloadAssembly (107ms)
			ExecutionOrderSort (0ms)
			DisableScriptedObjects (6ms)
			BackupInstance (0ms)
			ReleaseScriptingObjects (0ms)
			CreateAndSetChildDomain (33ms)
		EndReloadAssembly (881ms)
			LoadAssemblies (88ms)
			RebuildTransferFunctionScriptingTraits (0ms)
			SetupTypeCache (318ms)
			ReleaseScriptCaches (1ms)
			RebuildScriptCaches (43ms)
			SetupLoadedEditorAssemblies (324ms)
				LogAssemblyErrors (0ms)
				InitializePlatformSupportModulesInManaged (7ms)
				SetLoadedEditorAssemblies (1ms)
				RefreshPlugins (1ms)
				BeforeProcessingInitializeOnLoad (92ms)
				ProcessInitializeOnLoadAttributes (209ms)
				ProcessInitializeOnLoadMethodAttributes (9ms)
				AfterProcessingInitializeOnLoad (6ms)
				EditorAssembliesLoaded (0ms)
			ExecutionOrderSort2 (0ms)
			AwakeInstancesAfterBackupRestoration (8ms)
Platform modules already initialized, skipping
Refreshing native plugins compatible for Editor in 0.67 ms, found 2 plugins.
Preloading 0 native plugins for Editor in 0.00 ms.
Unloading 1500 Unused Serialized files (Serialized files now loaded: 0)
System memory in use before: 86.4 MB.
System memory in use after: 86.5 MB.

Unloading 14 unused Assets to reduce memory usage. Loaded Objects now: 1953.
Total: 2.699800 ms (FindLiveObjects: 0.163700 ms CreateObjectMapping: 0.045200 ms MarkObjects: 2.470000 ms  DeleteObjects: 0.020000 ms)

AssetImportParameters requested are different than current active one (requested -> active):
  custom:framework-win-MediaFoundation: 216162199b28c13a410421893ffa2e32 -> 
  custom:video-decoder-ogg-theora: a1e56fd34408186e4bbccfd4996cb3dc -> 
  custom:container-muxer-webm: aa71ff27fc2769a1b78a27578f13a17b -> 
  custom:container-demuxer-webm: 4f35f7cbe854078d1ac9338744f61a02 -> 
  custom:container-demuxer-ogg: 62fdf1f143b41e24485cea50d1cbac27 -> 
  custom:video-encoder-webm-vp8: eb34c28f22e8b96e1ab97ce403110664 -> 
  custom:video-decoder-webm-vp8: 9c59270c3fd7afecdb556c50c9e8de78 -> 
  custom:audio-decoder-ogg-vorbis: bf7c407c2cedff20999df2af8eb42d56 -> 
  custom:audio-encoder-webm-vorbis: bf7c407c2cedff20999df2af8eb42d56 -> 
========================================================================
Received Import Request.
  Time since last request: 946.191940 seconds.
  path: Assets/AssetStore/Player/ATART
  artifactKey: Guid(840780b79b9163045bc5b242f0731bfa) Importer(815301076,1909f56bfc062723c751e8b465ee728b)
Start importing Assets/AssetStore/Player/ATART using Guid(840780b79b9163045bc5b242f0731bfa) Importer(815301076,1909f56bfc062723c751e8b465ee728b)  -> (artifact id: '889c92916766124eb9491111b69df0cd') in 0.006278 seconds 
  Import took 0.009402 seconds .

========================================================================
Received Import Request.
  Time since last request: 5.275838 seconds.
  path: Assets/Number Themes/ExampleScene/NumbersExampleScene.unity
  artifactKey: Guid(2cda990e2423bbf4892e6590ba056729) Importer(815301076,1909f56bfc062723c751e8b465ee728b)
Start importing Assets/Number Themes/ExampleScene/NumbersExampleScene.unity using Guid(2cda990e2423bbf4892e6590ba056729) Importer(815301076,1909f56bfc062723c751e8b465ee728b)  -> (artifact id: '640e097e258f91937ba84619dc81c9c3') in 0.012775 seconds 
  Import took 0.015510 seconds .

========================================================================
Received Prepare
Registering precompiled user dll's ...
Registered in 0.006904 seconds.
Begin MonoManager ReloadAssembly
Native extension for WindowsStandalone target not found
Native extension for WebGL target not found
Refreshing native plugins compatible for Editor in 0.50 ms, found 2 plugins.
Preloading 0 native plugins for Editor in 0.00 ms.
Mono: successfully reloaded assembly
- Completed reload, in  0.976 seconds
Domain Reload Profiling:
	ReloadAssembly (977ms)
		BeginReloadAssembly (102ms)
			ExecutionOrderSort (0ms)
			DisableScriptedObjects (4ms)
			BackupInstance (0ms)
			ReleaseScriptingObjects (0ms)
			CreateAndSetChildDomain (32ms)
		EndReloadAssembly (811ms)
			LoadAssemblies (84ms)
			RebuildTransferFunctionScriptingTraits (0ms)
			SetupTypeCache (286ms)
			ReleaseScriptCaches (1ms)
			RebuildScriptCaches (37ms)
			SetupLoadedEditorAssemblies (288ms)
				LogAssemblyErrors (0ms)
				InitializePlatformSupportModulesInManaged (6ms)
				SetLoadedEditorAssemblies (1ms)
				RefreshPlugins (1ms)
				BeforeProcessingInitializeOnLoad (72ms)
				ProcessInitializeOnLoadAttributes (195ms)
				ProcessInitializeOnLoadMethodAttributes (8ms)
				AfterProcessingInitializeOnLoad (6ms)
				EditorAssembliesLoaded (0ms)
			ExecutionOrderSort2 (0ms)
			AwakeInstancesAfterBackupRestoration (7ms)
Platform modules already initialized, skipping
Refreshing native plugins compatible for Editor in 0.47 ms, found 2 plugins.
Preloading 0 native plugins for Editor in 0.00 ms.
Unloading 1513 Unused Serialized files (Serialized files now loaded: 0)
System memory in use before: 88.6 MB.
System memory in use after: 88.0 MB.

Unloading 27 unused Assets to reduce memory usage. Loaded Objects now: 1955.
Total: 2.987500 ms (FindLiveObjects: 0.136100 ms CreateObjectMapping: 0.044300 ms MarkObjects: 2.468800 ms  DeleteObjects: 0.337400 ms)

AssetImportParameters requested are different than current active one (requested -> active):
  custom:framework-win-MediaFoundation: 216162199b28c13a410421893ffa2e32 -> 
  custom:video-decoder-ogg-theora: a1e56fd34408186e4bbccfd4996cb3dc -> 
  custom:container-muxer-webm: aa71ff27fc2769a1b78a27578f13a17b -> 
  custom:container-demuxer-webm: 4f35f7cbe854078d1ac9338744f61a02 -> 
  custom:container-demuxer-ogg: 62fdf1f143b41e24485cea50d1cbac27 -> 
  custom:video-encoder-webm-vp8: eb34c28f22e8b96e1ab97ce403110664 -> 
  custom:video-decoder-webm-vp8: 9c59270c3fd7afecdb556c50c9e8de78 -> 
  custom:audio-decoder-ogg-vorbis: bf7c407c2cedff20999df2af8eb42d56 -> 
  custom:audio-encoder-webm-vorbis: bf7c407c2cedff20999df2af8eb42d56 -> 
========================================================================
Received Import Request.
  Time since last request: 1246.861127 seconds.
  path: Assets/Number Themes
  artifactKey: Guid(9039fe7ad6eb9da42a1652a70e05b70c) Importer(815301076,1909f56bfc062723c751e8b465ee728b)
Start importing Assets/Number Themes using Guid(9039fe7ad6eb9da42a1652a70e05b70c) Importer(815301076,1909f56bfc062723c751e8b465ee728b)  -> (artifact id: 'fc7b64f9ad874e6a9b418b3aca3c015b') in 0.005764 seconds 
  Import took 0.008908 seconds .

========================================================================
Received Prepare
Registering precompiled user dll's ...
Registered in 0.004980 seconds.
Begin MonoManager ReloadAssembly
Native extension for WindowsStandalone target not found
Native extension for WebGL target not found
Refreshing native plugins compatible for Editor in 0.48 ms, found 2 plugins.
Preloading 0 native plugins for Editor in 0.00 ms.
Mono: successfully reloaded assembly
- Completed reload, in  0.992 seconds
Domain Reload Profiling:
	ReloadAssembly (992ms)
		BeginReloadAssembly (100ms)
			ExecutionOrderSort (0ms)
			DisableScriptedObjects (4ms)
			BackupInstance (0ms)
			ReleaseScriptingObjects (0ms)
			CreateAndSetChildDomain (30ms)
		EndReloadAssembly (828ms)
			LoadAssemblies (95ms)
			RebuildTransferFunctionScriptingTraits (0ms)
			SetupTypeCache (298ms)
			ReleaseScriptCaches (1ms)
			RebuildScriptCaches (38ms)
			SetupLoadedEditorAssemblies (293ms)
				LogAssemblyErrors (0ms)
				InitializePlatformSupportModulesInManaged (6ms)
				SetLoadedEditorAssemblies (1ms)
				RefreshPlugins (1ms)
				BeforeProcessingInitializeOnLoad (71ms)
				ProcessInitializeOnLoadAttributes (201ms)
				ProcessInitializeOnLoadMethodAttributes (8ms)
				AfterProcessingInitializeOnLoad (6ms)
				EditorAssembliesLoaded (0ms)
			ExecutionOrderSort2 (0ms)
			AwakeInstancesAfterBackupRestoration (7ms)
Platform modules already initialized, skipping
Refreshing native plugins compatible for Editor in 0.53 ms, found 2 plugins.
Preloading 0 native plugins for Editor in 0.00 ms.
Unloading 1513 Unused Serialized files (Serialized files now loaded: 0)
System memory in use before: 88.6 MB.
System memory in use after: 88.0 MB.

Unloading 27 unused Assets to reduce memory usage. Loaded Objects now: 1957.
Total: 3.397700 ms (FindLiveObjects: 0.132700 ms CreateObjectMapping: 0.042800 ms MarkObjects: 2.745900 ms  DeleteObjects: 0.475200 ms)

AssetImportParameters requested are different than current active one (requested -> active):
  custom:framework-win-MediaFoundation: 216162199b28c13a410421893ffa2e32 -> 
  custom:video-decoder-ogg-theora: a1e56fd34408186e4bbccfd4996cb3dc -> 
  custom:container-muxer-webm: aa71ff27fc2769a1b78a27578f13a17b -> 
  custom:container-demuxer-webm: 4f35f7cbe854078d1ac9338744f61a02 -> 
  custom:container-demuxer-ogg: 62fdf1f143b41e24485cea50d1cbac27 -> 
  custom:video-encoder-webm-vp8: eb34c28f22e8b96e1ab97ce403110664 -> 
  custom:video-decoder-webm-vp8: 9c59270c3fd7afecdb556c50c9e8de78 -> 
  custom:audio-decoder-ogg-vorbis: bf7c407c2cedff20999df2af8eb42d56 -> 
  custom:audio-encoder-webm-vorbis: bf7c407c2cedff20999df2af8eb42d56 -> 
